<?xml version="1.0" encoding="UTF-8"?>
<testsuite xmlns:xsi="http://www.w3.org/2001/XMLSchema-instance" xsi:noNamespaceSchemaLocation="https://maven.apache.org/surefire/maven-surefire-plugin/xsd/surefire-test-report-3.0.xsd" version="3.0" name="restaurant.personal.PersonalTest" time="0.008" tests="10" errors="0" skipped="0" failures="0">
  <properties>
[...]
</properties>
  <testcase name="toStringContineUsername" classname="restaurant.personal.PersonalTest" time="0.001"/>
  <testcase name="verificaParolaCorecta" classname="restaurant.personal.PersonalTest" time="0.0"/>
  <testcase name="setParolaPreaScurta" classname="restaurant.personal.PersonalTest" time="0.0"/>
  <testcase name="parolaPreaScurtaArunca" classname="restaurant.personal.PersonalTest" time="0.0"/>
  <testcase name="setParolaValida" classname="restaurant.personal.PersonalTest" time="0.0"/>
  <testcase name="numeCompletNull" classname="restaurant.personal.PersonalTest" time="0.0"/>
  <testcase name="constructorValid" classname="restaurant.personal.PersonalTest" time="0.0"/>
  <testcase name="usernameNullArunca" classname="restaurant.personal.PersonalTest" time="0.001"/>
  <testcase name="usernameGolArunca" classname="restaurant.personal.PersonalTest" time="0.001"/>
  <testcase name="verificaParolaGresita" classname="restaurant.personal.PersonalTest" time="0.0"/>
</testsuite>